running egg_info
creating build/rovesugv_gps_nav/rovesugv_gps_nav.egg-info
writing build/rovesugv_gps_nav/rovesugv_gps_nav.egg-info/PKG-INFO
writing dependency_links to build/rovesugv_gps_nav/rovesugv_gps_nav.egg-info/dependency_links.txt
writing entry points to build/rovesugv_gps_nav/rovesugv_gps_nav.egg-info/entry_points.txt
writing requirements to build/rovesugv_gps_nav/rovesugv_gps_nav.egg-info/requires.txt
writing top-level names to build/rovesugv_gps_nav/rovesugv_gps_nav.egg-info/top_level.txt
writing manifest file 'build/rovesugv_gps_nav/rovesugv_gps_nav.egg-info/SOURCES.txt'
reading manifest file 'build/rovesugv_gps_nav/rovesugv_gps_nav.egg-info/SOURCES.txt'
adding license file 'LICENSE'
writing manifest file 'build/rovesugv_gps_nav/rovesugv_gps_nav.egg-info/SOURCES.txt'
running build
running build_py
creating /home/kayttaja/rovesugv/ros_ws/src/rovesugv_gps_nav/build/rovesugv_gps_nav/build
creating /home/kayttaja/rovesugv/ros_ws/src/rovesugv_gps_nav/build/rovesugv_gps_nav/build/lib
creating /home/kayttaja/rovesugv/ros_ws/src/rovesugv_gps_nav/build/rovesugv_gps_nav/build/lib/rovesugv_gps_nav
copying rovesugv_gps_nav/cmd_vel_converter.py -> /home/kayttaja/rovesugv/ros_ws/src/rovesugv_gps_nav/build/rovesugv_gps_nav/build/lib/rovesugv_gps_nav
copying rovesugv_gps_nav/gps_waypoint_logger.py -> /home/kayttaja/rovesugv/ros_ws/src/rovesugv_gps_nav/build/rovesugv_gps_nav/build/lib/rovesugv_gps_nav
copying rovesugv_gps_nav/__init__.py -> /home/kayttaja/rovesugv/ros_ws/src/rovesugv_gps_nav/build/rovesugv_gps_nav/build/lib/rovesugv_gps_nav
copying rovesugv_gps_nav/logged_waypoint_follower.py -> /home/kayttaja/rovesugv/ros_ws/src/rovesugv_gps_nav/build/rovesugv_gps_nav/build/lib/rovesugv_gps_nav
copying rovesugv_gps_nav/interactive_waypoint_commander.py -> /home/kayttaja/rovesugv/ros_ws/src/rovesugv_gps_nav/build/rovesugv_gps_nav/build/lib/rovesugv_gps_nav
copying rovesugv_gps_nav/gps_utils.py -> /home/kayttaja/rovesugv/ros_ws/src/rovesugv_gps_nav/build/rovesugv_gps_nav/build/lib/rovesugv_gps_nav
running install
running install_lib
creating /home/kayttaja/rovesugv/ros_ws/src/rovesugv_gps_nav/install/rovesugv_gps_nav/lib/python3.10/site-packages/rovesugv_gps_nav
copying /home/kayttaja/rovesugv/ros_ws/src/rovesugv_gps_nav/build/rovesugv_gps_nav/build/lib/rovesugv_gps_nav/cmd_vel_converter.py -> /home/kayttaja/rovesugv/ros_ws/src/rovesugv_gps_nav/install/rovesugv_gps_nav/lib/python3.10/site-packages/rovesugv_gps_nav
copying /home/kayttaja/rovesugv/ros_ws/src/rovesugv_gps_nav/build/rovesugv_gps_nav/build/lib/rovesugv_gps_nav/gps_waypoint_logger.py -> /home/kayttaja/rovesugv/ros_ws/src/rovesugv_gps_nav/install/rovesugv_gps_nav/lib/python3.10/site-packages/rovesugv_gps_nav
copying /home/kayttaja/rovesugv/ros_ws/src/rovesugv_gps_nav/build/rovesugv_gps_nav/build/lib/rovesugv_gps_nav/__init__.py -> /home/kayttaja/rovesugv/ros_ws/src/rovesugv_gps_nav/install/rovesugv_gps_nav/lib/python3.10/site-packages/rovesugv_gps_nav
copying /home/kayttaja/rovesugv/ros_ws/src/rovesugv_gps_nav/build/rovesugv_gps_nav/build/lib/rovesugv_gps_nav/logged_waypoint_follower.py -> /home/kayttaja/rovesugv/ros_ws/src/rovesugv_gps_nav/install/rovesugv_gps_nav/lib/python3.10/site-packages/rovesugv_gps_nav
copying /home/kayttaja/rovesugv/ros_ws/src/rovesugv_gps_nav/build/rovesugv_gps_nav/build/lib/rovesugv_gps_nav/interactive_waypoint_commander.py -> /home/kayttaja/rovesugv/ros_ws/src/rovesugv_gps_nav/install/rovesugv_gps_nav/lib/python3.10/site-packages/rovesugv_gps_nav
copying /home/kayttaja/rovesugv/ros_ws/src/rovesugv_gps_nav/build/rovesugv_gps_nav/build/lib/rovesugv_gps_nav/gps_utils.py -> /home/kayttaja/rovesugv/ros_ws/src/rovesugv_gps_nav/install/rovesugv_gps_nav/lib/python3.10/site-packages/rovesugv_gps_nav
byte-compiling /home/kayttaja/rovesugv/ros_ws/src/rovesugv_gps_nav/install/rovesugv_gps_nav/lib/python3.10/site-packages/rovesugv_gps_nav/cmd_vel_converter.py to cmd_vel_converter.cpython-310.pyc
byte-compiling /home/kayttaja/rovesugv/ros_ws/src/rovesugv_gps_nav/install/rovesugv_gps_nav/lib/python3.10/site-packages/rovesugv_gps_nav/gps_waypoint_logger.py to gps_waypoint_logger.cpython-310.pyc
byte-compiling /home/kayttaja/rovesugv/ros_ws/src/rovesugv_gps_nav/install/rovesugv_gps_nav/lib/python3.10/site-packages/rovesugv_gps_nav/__init__.py to __init__.cpython-310.pyc
byte-compiling /home/kayttaja/rovesugv/ros_ws/src/rovesugv_gps_nav/install/rovesugv_gps_nav/lib/python3.10/site-packages/rovesugv_gps_nav/logged_waypoint_follower.py to logged_waypoint_follower.cpython-310.pyc
byte-compiling /home/kayttaja/rovesugv/ros_ws/src/rovesugv_gps_nav/install/rovesugv_gps_nav/lib/python3.10/site-packages/rovesugv_gps_nav/interactive_waypoint_commander.py to interactive_waypoint_commander.cpython-310.pyc
byte-compiling /home/kayttaja/rovesugv/ros_ws/src/rovesugv_gps_nav/install/rovesugv_gps_nav/lib/python3.10/site-packages/rovesugv_gps_nav/gps_utils.py to gps_utils.cpython-310.pyc
running install_data
creating /home/kayttaja/rovesugv/ros_ws/src/rovesugv_gps_nav/install/rovesugv_gps_nav/share/ament_index
creating /home/kayttaja/rovesugv/ros_ws/src/rovesugv_gps_nav/install/rovesugv_gps_nav/share/ament_index/resource_index
creating /home/kayttaja/rovesugv/ros_ws/src/rovesugv_gps_nav/install/rovesugv_gps_nav/share/ament_index/resource_index/packages
copying resource/rovesugv_gps_nav -> /home/kayttaja/rovesugv/ros_ws/src/rovesugv_gps_nav/install/rovesugv_gps_nav/share/ament_index/resource_index/packages
copying package.xml -> /home/kayttaja/rovesugv/ros_ws/src/rovesugv_gps_nav/install/rovesugv_gps_nav/share/rovesugv_gps_nav
creating /home/kayttaja/rovesugv/ros_ws/src/rovesugv_gps_nav/install/rovesugv_gps_nav/share/rovesugv_gps_nav/config
copying config/navigate_to_pose_w_replanning_and_recovery.xml -> /home/kayttaja/rovesugv/ros_ws/src/rovesugv_gps_nav/install/rovesugv_gps_nav/share/rovesugv_gps_nav/config
copying config/nav2_params.yaml -> /home/kayttaja/rovesugv/ros_ws/src/rovesugv_gps_nav/install/rovesugv_gps_nav/share/rovesugv_gps_nav/config
copying config/navsat_params.yaml -> /home/kayttaja/rovesugv/ros_ws/src/rovesugv_gps_nav/install/rovesugv_gps_nav/share/rovesugv_gps_nav/config
copying config/mapviz.mvc -> /home/kayttaja/rovesugv/ros_ws/src/rovesugv_gps_nav/install/rovesugv_gps_nav/share/rovesugv_gps_nav/config
copying config/navigate_through_poses_w_replanning_and_recovery.xml -> /home/kayttaja/rovesugv/ros_ws/src/rovesugv_gps_nav/install/rovesugv_gps_nav/share/rovesugv_gps_nav/config
creating /home/kayttaja/rovesugv/ros_ws/src/rovesugv_gps_nav/install/rovesugv_gps_nav/share/rovesugv_gps_nav/launch
copying launch/fixposition.launch.py -> /home/kayttaja/rovesugv/ros_ws/src/rovesugv_gps_nav/install/rovesugv_gps_nav/share/rovesugv_gps_nav/launch
copying launch/all_nodes.launch.py -> /home/kayttaja/rovesugv/ros_ws/src/rovesugv_gps_nav/install/rovesugv_gps_nav/share/rovesugv_gps_nav/launch
copying launch/navsat.launch.py -> /home/kayttaja/rovesugv/ros_ws/src/rovesugv_gps_nav/install/rovesugv_gps_nav/share/rovesugv_gps_nav/launch
copying launch/navigation.launch.py -> /home/kayttaja/rovesugv/ros_ws/src/rovesugv_gps_nav/install/rovesugv_gps_nav/share/rovesugv_gps_nav/launch
copying launch/mapviz.launch.py -> /home/kayttaja/rovesugv/ros_ws/src/rovesugv_gps_nav/install/rovesugv_gps_nav/share/rovesugv_gps_nav/launch
running install_egg_info
Copying build/rovesugv_gps_nav/rovesugv_gps_nav.egg-info to /home/kayttaja/rovesugv/ros_ws/src/rovesugv_gps_nav/install/rovesugv_gps_nav/lib/python3.10/site-packages/rovesugv_gps_nav-0.2.0-py3.10.egg-info
running install_scripts
Installing cmd_vel_converter script to /home/kayttaja/rovesugv/ros_ws/src/rovesugv_gps_nav/install/rovesugv_gps_nav/lib/rovesugv_gps_nav
Installing gps_waypoint_logger script to /home/kayttaja/rovesugv/ros_ws/src/rovesugv_gps_nav/install/rovesugv_gps_nav/lib/rovesugv_gps_nav
Installing interactive_waypoint_follower script to /home/kayttaja/rovesugv/ros_ws/src/rovesugv_gps_nav/install/rovesugv_gps_nav/lib/rovesugv_gps_nav
Installing logged_waypoint_follower script to /home/kayttaja/rovesugv/ros_ws/src/rovesugv_gps_nav/install/rovesugv_gps_nav/lib/rovesugv_gps_nav
writing list of installed files to '/home/kayttaja/rovesugv/ros_ws/src/rovesugv_gps_nav/build/rovesugv_gps_nav/install.log'
