[0.555s] Invoking command in '/home/kayttaja/rovesugv/ros_ws/src/rovesugv_gps_nav': PYTHONPATH=/home/kayttaja/rovesugv/ros_ws/src/rovesugv_gps_nav/build/rovesugv_gps_nav/prefix_override:/usr/lib/python3/dist-packages/colcon_core/task/python/colcon_distutils_commands:/home/kayttaja/rovesugv/ros_ws/src/rovesugv_gps_nav/install/rovesugv_gps_nav/lib/python3.10/site-packages:${PYTHONPATH} /usr/bin/python3 -W ignore:setup.py install is deprecated -W ignore:easy_install command is deprecated setup.py egg_info --egg-base build/rovesugv_gps_nav build --build-base /home/kayttaja/rovesugv/ros_ws/src/rovesugv_gps_nav/build/rovesugv_gps_nav/build install --record /home/kayttaja/rovesugv/ros_ws/src/rovesugv_gps_nav/build/rovesugv_gps_nav/install.log --single-version-externally-managed install_data
[0.758s] running egg_info
[0.759s] creating build/rovesugv_gps_nav/rovesugv_gps_nav.egg-info
[0.759s] writing build/rovesugv_gps_nav/rovesugv_gps_nav.egg-info/PKG-INFO
[0.759s] writing dependency_links to build/rovesugv_gps_nav/rovesugv_gps_nav.egg-info/dependency_links.txt
[0.759s] writing entry points to build/rovesugv_gps_nav/rovesugv_gps_nav.egg-info/entry_points.txt
[0.759s] writing requirements to build/rovesugv_gps_nav/rovesugv_gps_nav.egg-info/requires.txt
[0.759s] writing top-level names to build/rovesugv_gps_nav/rovesugv_gps_nav.egg-info/top_level.txt
[0.768s] writing manifest file 'build/rovesugv_gps_nav/rovesugv_gps_nav.egg-info/SOURCES.txt'
[0.769s] reading manifest file 'build/rovesugv_gps_nav/rovesugv_gps_nav.egg-info/SOURCES.txt'
[0.769s] adding license file 'LICENSE'
[0.770s] writing manifest file 'build/rovesugv_gps_nav/rovesugv_gps_nav.egg-info/SOURCES.txt'
[0.770s] running build
[0.770s] running build_py
[0.770s] creating /home/kayttaja/rovesugv/ros_ws/src/rovesugv_gps_nav/build/rovesugv_gps_nav/build
[0.770s] creating /home/kayttaja/rovesugv/ros_ws/src/rovesugv_gps_nav/build/rovesugv_gps_nav/build/lib
[0.770s] creating /home/kayttaja/rovesugv/ros_ws/src/rovesugv_gps_nav/build/rovesugv_gps_nav/build/lib/rovesugv_gps_nav
[0.770s] copying rovesugv_gps_nav/cmd_vel_converter.py -> /home/kayttaja/rovesugv/ros_ws/src/rovesugv_gps_nav/build/rovesugv_gps_nav/build/lib/rovesugv_gps_nav
[0.770s] copying rovesugv_gps_nav/gps_waypoint_logger.py -> /home/kayttaja/rovesugv/ros_ws/src/rovesugv_gps_nav/build/rovesugv_gps_nav/build/lib/rovesugv_gps_nav
[0.770s] copying rovesugv_gps_nav/__init__.py -> /home/kayttaja/rovesugv/ros_ws/src/rovesugv_gps_nav/build/rovesugv_gps_nav/build/lib/rovesugv_gps_nav
[0.770s] copying rovesugv_gps_nav/logged_waypoint_follower.py -> /home/kayttaja/rovesugv/ros_ws/src/rovesugv_gps_nav/build/rovesugv_gps_nav/build/lib/rovesugv_gps_nav
[0.770s] copying rovesugv_gps_nav/interactive_waypoint_commander.py -> /home/kayttaja/rovesugv/ros_ws/src/rovesugv_gps_nav/build/rovesugv_gps_nav/build/lib/rovesugv_gps_nav
[0.770s] copying rovesugv_gps_nav/gps_utils.py -> /home/kayttaja/rovesugv/ros_ws/src/rovesugv_gps_nav/build/rovesugv_gps_nav/build/lib/rovesugv_gps_nav
[0.771s] running install
[0.771s] running install_lib
[0.771s] creating /home/kayttaja/rovesugv/ros_ws/src/rovesugv_gps_nav/install/rovesugv_gps_nav/lib/python3.10/site-packages/rovesugv_gps_nav
[0.771s] copying /home/kayttaja/rovesugv/ros_ws/src/rovesugv_gps_nav/build/rovesugv_gps_nav/build/lib/rovesugv_gps_nav/cmd_vel_converter.py -> /home/kayttaja/rovesugv/ros_ws/src/rovesugv_gps_nav/install/rovesugv_gps_nav/lib/python3.10/site-packages/rovesugv_gps_nav
[0.771s] copying /home/kayttaja/rovesugv/ros_ws/src/rovesugv_gps_nav/build/rovesugv_gps_nav/build/lib/rovesugv_gps_nav/gps_waypoint_logger.py -> /home/kayttaja/rovesugv/ros_ws/src/rovesugv_gps_nav/install/rovesugv_gps_nav/lib/python3.10/site-packages/rovesugv_gps_nav
[0.771s] copying /home/kayttaja/rovesugv/ros_ws/src/rovesugv_gps_nav/build/rovesugv_gps_nav/build/lib/rovesugv_gps_nav/__init__.py -> /home/kayttaja/rovesugv/ros_ws/src/rovesugv_gps_nav/install/rovesugv_gps_nav/lib/python3.10/site-packages/rovesugv_gps_nav
[0.772s] copying /home/kayttaja/rovesugv/ros_ws/src/rovesugv_gps_nav/build/rovesugv_gps_nav/build/lib/rovesugv_gps_nav/logged_waypoint_follower.py -> /home/kayttaja/rovesugv/ros_ws/src/rovesugv_gps_nav/install/rovesugv_gps_nav/lib/python3.10/site-packages/rovesugv_gps_nav
[0.772s] copying /home/kayttaja/rovesugv/ros_ws/src/rovesugv_gps_nav/build/rovesugv_gps_nav/build/lib/rovesugv_gps_nav/interactive_waypoint_commander.py -> /home/kayttaja/rovesugv/ros_ws/src/rovesugv_gps_nav/install/rovesugv_gps_nav/lib/python3.10/site-packages/rovesugv_gps_nav
[0.772s] copying /home/kayttaja/rovesugv/ros_ws/src/rovesugv_gps_nav/build/rovesugv_gps_nav/build/lib/rovesugv_gps_nav/gps_utils.py -> /home/kayttaja/rovesugv/ros_ws/src/rovesugv_gps_nav/install/rovesugv_gps_nav/lib/python3.10/site-packages/rovesugv_gps_nav
[0.772s] byte-compiling /home/kayttaja/rovesugv/ros_ws/src/rovesugv_gps_nav/install/rovesugv_gps_nav/lib/python3.10/site-packages/rovesugv_gps_nav/cmd_vel_converter.py to cmd_vel_converter.cpython-310.pyc
[0.772s] byte-compiling /home/kayttaja/rovesugv/ros_ws/src/rovesugv_gps_nav/install/rovesugv_gps_nav/lib/python3.10/site-packages/rovesugv_gps_nav/gps_waypoint_logger.py to gps_waypoint_logger.cpython-310.pyc
[0.774s] byte-compiling /home/kayttaja/rovesugv/ros_ws/src/rovesugv_gps_nav/install/rovesugv_gps_nav/lib/python3.10/site-packages/rovesugv_gps_nav/__init__.py to __init__.cpython-310.pyc
[0.774s] byte-compiling /home/kayttaja/rovesugv/ros_ws/src/rovesugv_gps_nav/install/rovesugv_gps_nav/lib/python3.10/site-packages/rovesugv_gps_nav/logged_waypoint_follower.py to logged_waypoint_follower.cpython-310.pyc
[0.774s] byte-compiling /home/kayttaja/rovesugv/ros_ws/src/rovesugv_gps_nav/install/rovesugv_gps_nav/lib/python3.10/site-packages/rovesugv_gps_nav/interactive_waypoint_commander.py to interactive_waypoint_commander.cpython-310.pyc
[0.775s] byte-compiling /home/kayttaja/rovesugv/ros_ws/src/rovesugv_gps_nav/install/rovesugv_gps_nav/lib/python3.10/site-packages/rovesugv_gps_nav/gps_utils.py to gps_utils.cpython-310.pyc
[0.775s] running install_data
[0.775s] creating /home/kayttaja/rovesugv/ros_ws/src/rovesugv_gps_nav/install/rovesugv_gps_nav/share/ament_index
[0.775s] creating /home/kayttaja/rovesugv/ros_ws/src/rovesugv_gps_nav/install/rovesugv_gps_nav/share/ament_index/resource_index
[0.775s] creating /home/kayttaja/rovesugv/ros_ws/src/rovesugv_gps_nav/install/rovesugv_gps_nav/share/ament_index/resource_index/packages
[0.776s] copying resource/rovesugv_gps_nav -> /home/kayttaja/rovesugv/ros_ws/src/rovesugv_gps_nav/install/rovesugv_gps_nav/share/ament_index/resource_index/packages
[0.776s] copying package.xml -> /home/kayttaja/rovesugv/ros_ws/src/rovesugv_gps_nav/install/rovesugv_gps_nav/share/rovesugv_gps_nav
[0.776s] creating /home/kayttaja/rovesugv/ros_ws/src/rovesugv_gps_nav/install/rovesugv_gps_nav/share/rovesugv_gps_nav/config
[0.776s] copying config/navigate_to_pose_w_replanning_and_recovery.xml -> /home/kayttaja/rovesugv/ros_ws/src/rovesugv_gps_nav/install/rovesugv_gps_nav/share/rovesugv_gps_nav/config
[0.776s] copying config/nav2_params.yaml -> /home/kayttaja/rovesugv/ros_ws/src/rovesugv_gps_nav/install/rovesugv_gps_nav/share/rovesugv_gps_nav/config
[0.776s] copying config/navsat_params.yaml -> /home/kayttaja/rovesugv/ros_ws/src/rovesugv_gps_nav/install/rovesugv_gps_nav/share/rovesugv_gps_nav/config
[0.776s] copying config/mapviz.mvc -> /home/kayttaja/rovesugv/ros_ws/src/rovesugv_gps_nav/install/rovesugv_gps_nav/share/rovesugv_gps_nav/config
[0.776s] copying config/navigate_through_poses_w_replanning_and_recovery.xml -> /home/kayttaja/rovesugv/ros_ws/src/rovesugv_gps_nav/install/rovesugv_gps_nav/share/rovesugv_gps_nav/config
[0.776s] creating /home/kayttaja/rovesugv/ros_ws/src/rovesugv_gps_nav/install/rovesugv_gps_nav/share/rovesugv_gps_nav/launch
[0.777s] copying launch/fixposition.launch.py -> /home/kayttaja/rovesugv/ros_ws/src/rovesugv_gps_nav/install/rovesugv_gps_nav/share/rovesugv_gps_nav/launch
[0.777s] copying launch/all_nodes.launch.py -> /home/kayttaja/rovesugv/ros_ws/src/rovesugv_gps_nav/install/rovesugv_gps_nav/share/rovesugv_gps_nav/launch
[0.777s] copying launch/navsat.launch.py -> /home/kayttaja/rovesugv/ros_ws/src/rovesugv_gps_nav/install/rovesugv_gps_nav/share/rovesugv_gps_nav/launch
[0.777s] copying launch/navigation.launch.py -> /home/kayttaja/rovesugv/ros_ws/src/rovesugv_gps_nav/install/rovesugv_gps_nav/share/rovesugv_gps_nav/launch
[0.777s] copying launch/mapviz.launch.py -> /home/kayttaja/rovesugv/ros_ws/src/rovesugv_gps_nav/install/rovesugv_gps_nav/share/rovesugv_gps_nav/launch
[0.777s] running install_egg_info
[0.778s] Copying build/rovesugv_gps_nav/rovesugv_gps_nav.egg-info to /home/kayttaja/rovesugv/ros_ws/src/rovesugv_gps_nav/install/rovesugv_gps_nav/lib/python3.10/site-packages/rovesugv_gps_nav-0.2.0-py3.10.egg-info
[0.779s] running install_scripts
[0.792s] Installing cmd_vel_converter script to /home/kayttaja/rovesugv/ros_ws/src/rovesugv_gps_nav/install/rovesugv_gps_nav/lib/rovesugv_gps_nav
[0.792s] Installing gps_waypoint_logger script to /home/kayttaja/rovesugv/ros_ws/src/rovesugv_gps_nav/install/rovesugv_gps_nav/lib/rovesugv_gps_nav
[0.792s] Installing interactive_waypoint_follower script to /home/kayttaja/rovesugv/ros_ws/src/rovesugv_gps_nav/install/rovesugv_gps_nav/lib/rovesugv_gps_nav
[0.792s] Installing logged_waypoint_follower script to /home/kayttaja/rovesugv/ros_ws/src/rovesugv_gps_nav/install/rovesugv_gps_nav/lib/rovesugv_gps_nav
[0.792s] writing list of installed files to '/home/kayttaja/rovesugv/ros_ws/src/rovesugv_gps_nav/build/rovesugv_gps_nav/install.log'
[0.812s] Invoked command in '/home/kayttaja/rovesugv/ros_ws/src/rovesugv_gps_nav' returned '0': PYTHONPATH=/home/kayttaja/rovesugv/ros_ws/src/rovesugv_gps_nav/build/rovesugv_gps_nav/prefix_override:/usr/lib/python3/dist-packages/colcon_core/task/python/colcon_distutils_commands:/home/kayttaja/rovesugv/ros_ws/src/rovesugv_gps_nav/install/rovesugv_gps_nav/lib/python3.10/site-packages:${PYTHONPATH} /usr/bin/python3 -W ignore:setup.py install is deprecated -W ignore:easy_install command is deprecated setup.py egg_info --egg-base build/rovesugv_gps_nav build --build-base /home/kayttaja/rovesugv/ros_ws/src/rovesugv_gps_nav/build/rovesugv_gps_nav/build install --record /home/kayttaja/rovesugv/ros_ws/src/rovesugv_gps_nav/build/rovesugv_gps_nav/install.log --single-version-externally-managed install_data
