/home/kayttaja/rovesugv/ros_ws/src/rovesugv_gps_nav/install/rovesugv_gps_nav/lib/python3.10/site-packages/rovesugv_gps_nav/cmd_vel_converter.py
/home/kayttaja/rovesugv/ros_ws/src/rovesugv_gps_nav/install/rovesugv_gps_nav/lib/python3.10/site-packages/rovesugv_gps_nav/gps_waypoint_logger.py
/home/kayttaja/rovesugv/ros_ws/src/rovesugv_gps_nav/install/rovesugv_gps_nav/lib/python3.10/site-packages/rovesugv_gps_nav/__init__.py
/home/kayttaja/rovesugv/ros_ws/src/rovesugv_gps_nav/install/rovesugv_gps_nav/lib/python3.10/site-packages/rovesugv_gps_nav/logged_waypoint_follower.py
/home/kayttaja/rovesugv/ros_ws/src/rovesugv_gps_nav/install/rovesugv_gps_nav/lib/python3.10/site-packages/rovesugv_gps_nav/interactive_waypoint_commander.py
/home/kayttaja/rovesugv/ros_ws/src/rovesugv_gps_nav/install/rovesugv_gps_nav/lib/python3.10/site-packages/rovesugv_gps_nav/gps_utils.py
/home/kayttaja/rovesugv/ros_ws/src/rovesugv_gps_nav/install/rovesugv_gps_nav/lib/python3.10/site-packages/rovesugv_gps_nav/__pycache__/cmd_vel_converter.cpython-310.pyc
/home/kayttaja/rovesugv/ros_ws/src/rovesugv_gps_nav/install/rovesugv_gps_nav/lib/python3.10/site-packages/rovesugv_gps_nav/__pycache__/gps_waypoint_logger.cpython-310.pyc
/home/kayttaja/rovesugv/ros_ws/src/rovesugv_gps_nav/install/rovesugv_gps_nav/lib/python3.10/site-packages/rovesugv_gps_nav/__pycache__/__init__.cpython-310.pyc
/home/kayttaja/rovesugv/ros_ws/src/rovesugv_gps_nav/install/rovesugv_gps_nav/lib/python3.10/site-packages/rovesugv_gps_nav/__pycache__/logged_waypoint_follower.cpython-310.pyc
/home/kayttaja/rovesugv/ros_ws/src/rovesugv_gps_nav/install/rovesugv_gps_nav/lib/python3.10/site-packages/rovesugv_gps_nav/__pycache__/interactive_waypoint_commander.cpython-310.pyc
/home/kayttaja/rovesugv/ros_ws/src/rovesugv_gps_nav/install/rovesugv_gps_nav/lib/python3.10/site-packages/rovesugv_gps_nav/__pycache__/gps_utils.cpython-310.pyc
/home/kayttaja/rovesugv/ros_ws/src/rovesugv_gps_nav/install/rovesugv_gps_nav/share/ament_index/resource_index/packages/rovesugv_gps_nav
/home/kayttaja/rovesugv/ros_ws/src/rovesugv_gps_nav/install/rovesugv_gps_nav/share/rovesugv_gps_nav/package.xml
/home/kayttaja/rovesugv/ros_ws/src/rovesugv_gps_nav/install/rovesugv_gps_nav/share/rovesugv_gps_nav/config/navigate_to_pose_w_replanning_and_recovery.xml
/home/kayttaja/rovesugv/ros_ws/src/rovesugv_gps_nav/install/rovesugv_gps_nav/share/rovesugv_gps_nav/config/nav2_params.yaml
/home/kayttaja/rovesugv/ros_ws/src/rovesugv_gps_nav/install/rovesugv_gps_nav/share/rovesugv_gps_nav/config/navsat_params.yaml
/home/kayttaja/rovesugv/ros_ws/src/rovesugv_gps_nav/install/rovesugv_gps_nav/share/rovesugv_gps_nav/config/mapviz.mvc
/home/kayttaja/rovesugv/ros_ws/src/rovesugv_gps_nav/install/rovesugv_gps_nav/share/rovesugv_gps_nav/config/navigate_through_poses_w_replanning_and_recovery.xml
/home/kayttaja/rovesugv/ros_ws/src/rovesugv_gps_nav/install/rovesugv_gps_nav/share/rovesugv_gps_nav/launch/fixposition.launch.py
/home/kayttaja/rovesugv/ros_ws/src/rovesugv_gps_nav/install/rovesugv_gps_nav/share/rovesugv_gps_nav/launch/all_nodes.launch.py
/home/kayttaja/rovesugv/ros_ws/src/rovesugv_gps_nav/install/rovesugv_gps_nav/share/rovesugv_gps_nav/launch/navsat.launch.py
/home/kayttaja/rovesugv/ros_ws/src/rovesugv_gps_nav/install/rovesugv_gps_nav/share/rovesugv_gps_nav/launch/navigation.launch.py
/home/kayttaja/rovesugv/ros_ws/src/rovesugv_gps_nav/install/rovesugv_gps_nav/share/rovesugv_gps_nav/launch/mapviz.launch.py
/home/kayttaja/rovesugv/ros_ws/src/rovesugv_gps_nav/install/rovesugv_gps_nav/lib/python3.10/site-packages/rovesugv_gps_nav-0.2.0-py3.10.egg-info/SOURCES.txt
/home/kayttaja/rovesugv/ros_ws/src/rovesugv_gps_nav/install/rovesugv_gps_nav/lib/python3.10/site-packages/rovesugv_gps_nav-0.2.0-py3.10.egg-info/entry_points.txt
/home/kayttaja/rovesugv/ros_ws/src/rovesugv_gps_nav/install/rovesugv_gps_nav/lib/python3.10/site-packages/rovesugv_gps_nav-0.2.0-py3.10.egg-info/requires.txt
/home/kayttaja/rovesugv/ros_ws/src/rovesugv_gps_nav/install/rovesugv_gps_nav/lib/python3.10/site-packages/rovesugv_gps_nav-0.2.0-py3.10.egg-info/dependency_links.txt
/home/kayttaja/rovesugv/ros_ws/src/rovesugv_gps_nav/install/rovesugv_gps_nav/lib/python3.10/site-packages/rovesugv_gps_nav-0.2.0-py3.10.egg-info/zip-safe
/home/kayttaja/rovesugv/ros_ws/src/rovesugv_gps_nav/install/rovesugv_gps_nav/lib/python3.10/site-packages/rovesugv_gps_nav-0.2.0-py3.10.egg-info/top_level.txt
/home/kayttaja/rovesugv/ros_ws/src/rovesugv_gps_nav/install/rovesugv_gps_nav/lib/python3.10/site-packages/rovesugv_gps_nav-0.2.0-py3.10.egg-info/PKG-INFO
/home/kayttaja/rovesugv/ros_ws/src/rovesugv_gps_nav/install/rovesugv_gps_nav/lib/rovesugv_gps_nav/cmd_vel_converter
/home/kayttaja/rovesugv/ros_ws/src/rovesugv_gps_nav/install/rovesugv_gps_nav/lib/rovesugv_gps_nav/gps_waypoint_logger
/home/kayttaja/rovesugv/ros_ws/src/rovesugv_gps_nav/install/rovesugv_gps_nav/lib/rovesugv_gps_nav/interactive_waypoint_follower
/home/kayttaja/rovesugv/ros_ws/src/rovesugv_gps_nav/install/rovesugv_gps_nav/lib/rovesugv_gps_nav/logged_waypoint_follower
