[0.101s] DEBUG:colcon:Command line arguments: ['/usr/bin/colcon', 'build', '--packages-select', 'rovesugv_gps_nav']
[0.102s] DEBUG:colcon:Parsed command line arguments: Namespace(log_base=None, log_level=None, verb_name='build', build_base='build', install_base='install', merge_install=False, symlink_install=False, test_result_base=None, continue_on_error=False, executor='parallel', parallel_workers=12, event_handlers=None, ignore_user_meta=False, metas=['./colcon.meta'], base_paths=['.'], packages_ignore=None, packages_ignore_regex=None, paths=None, packages_up_to=None, packages_up_to_regex=None, packages_above=None, packages_above_and_dependencies=None, packages_above_depth=None, packages_select_by_dep=None, packages_skip_by_dep=None, packages_skip_up_to=None, packages_select_build_failed=False, packages_skip_build_finished=False, packages_select_test_failures=False, packages_skip_test_passed=False, packages_select=['rovesugv_gps_nav'], packages_skip=None, packages_select_regex=None, packages_skip_regex=None, packages_start=None, packages_end=None, allow_overriding=[], cmake_args=None, cmake_target=None, cmake_target_skip_unavailable=False, cmake_clean_cache=False, cmake_clean_first=False, cmake_force_configure=False, ament_cmake_args=None, catkin_cmake_args=None, catkin_skip_building_tests=False, mixin_files=None, mixin=None, verb_parser=<colcon_mixin.mixin.mixin_argument.MixinArgumentDecorator object at 0x7763e435aad0>, verb_extension=<colcon_core.verb.build.BuildVerb object at 0x7763e43185e0>, main=<bound method BuildVerb.main of <colcon_core.verb.build.BuildVerb object at 0x7763e43185e0>>, mixin_verb=('build',))
[0.270s] Level 1:colcon.colcon_core.package_discovery:discover_packages(colcon_meta) check parameters
[0.271s] Level 1:colcon.colcon_core.package_discovery:discover_packages(recursive) check parameters
[0.271s] Level 1:colcon.colcon_core.package_discovery:discover_packages(ignore) check parameters
[0.271s] Level 1:colcon.colcon_core.package_discovery:discover_packages(path) check parameters
[0.271s] Level 1:colcon.colcon_core.package_discovery:discover_packages(colcon_meta) discover
[0.271s] Level 1:colcon.colcon_core.package_discovery:discover_packages(recursive) discover
[0.271s] INFO:colcon.colcon_core.package_discovery:Crawling recursively for packages in '/home/kayttaja/rovesugv/ros_ws/src/rovesugv_gps_nav'
[0.271s] Level 1:colcon.colcon_core.package_identification:_identify(.) by extensions ['ignore', 'ignore_ament_install']
[0.271s] Level 1:colcon.colcon_core.package_identification:_identify(.) by extension 'ignore'
[0.271s] Level 1:colcon.colcon_core.package_identification:_identify(.) by extension 'ignore_ament_install'
[0.271s] Level 1:colcon.colcon_core.package_identification:_identify(.) by extensions ['colcon_pkg']
[0.271s] Level 1:colcon.colcon_core.package_identification:_identify(.) by extension 'colcon_pkg'
[0.271s] Level 1:colcon.colcon_core.package_identification:_identify(.) by extensions ['colcon_meta']
[0.271s] Level 1:colcon.colcon_core.package_identification:_identify(.) by extension 'colcon_meta'
[0.271s] Level 1:colcon.colcon_core.package_identification:_identify(.) by extensions ['ros']
[0.271s] Level 1:colcon.colcon_core.package_identification:_identify(.) by extension 'ros'
[0.297s] DEBUG:colcon.colcon_core.package_identification:Package '.' with type 'ros.ament_python' and name 'rovesugv_gps_nav'
[0.297s] Level 1:colcon.colcon_core.package_discovery:discover_packages(recursive) using defaults
[0.297s] Level 1:colcon.colcon_core.package_discovery:discover_packages(ignore) discover
[0.297s] Level 1:colcon.colcon_core.package_discovery:discover_packages(ignore) using defaults
[0.297s] Level 1:colcon.colcon_core.package_discovery:discover_packages(path) discover
[0.297s] Level 1:colcon.colcon_core.package_discovery:discover_packages(path) using defaults
[0.318s] Level 1:colcon.colcon_core.package_discovery:discover_packages(prefix_path) check parameters
[0.318s] Level 1:colcon.colcon_core.package_discovery:discover_packages(prefix_path) discover
[0.322s] DEBUG:colcon.colcon_installed_package_information.package_discovery:Found 363 installed packages in /opt/ros/humble
[0.324s] Level 1:colcon.colcon_core.package_discovery:discover_packages(prefix_path) using defaults
[0.357s] Level 5:colcon.colcon_core.verb:set package 'rovesugv_gps_nav' build argument 'cmake_args' from command line to 'None'
[0.357s] Level 5:colcon.colcon_core.verb:set package 'rovesugv_gps_nav' build argument 'cmake_target' from command line to 'None'
[0.357s] Level 5:colcon.colcon_core.verb:set package 'rovesugv_gps_nav' build argument 'cmake_target_skip_unavailable' from command line to 'False'
[0.357s] Level 5:colcon.colcon_core.verb:set package 'rovesugv_gps_nav' build argument 'cmake_clean_cache' from command line to 'False'
[0.357s] Level 5:colcon.colcon_core.verb:set package 'rovesugv_gps_nav' build argument 'cmake_clean_first' from command line to 'False'
[0.357s] Level 5:colcon.colcon_core.verb:set package 'rovesugv_gps_nav' build argument 'cmake_force_configure' from command line to 'False'
[0.357s] Level 5:colcon.colcon_core.verb:set package 'rovesugv_gps_nav' build argument 'ament_cmake_args' from command line to 'None'
[0.357s] Level 5:colcon.colcon_core.verb:set package 'rovesugv_gps_nav' build argument 'catkin_cmake_args' from command line to 'None'
[0.357s] Level 5:colcon.colcon_core.verb:set package 'rovesugv_gps_nav' build argument 'catkin_skip_building_tests' from command line to 'False'
[0.357s] DEBUG:colcon.colcon_core.verb:Building package 'rovesugv_gps_nav' with the following arguments: {'ament_cmake_args': None, 'build_base': '/home/kayttaja/rovesugv/ros_ws/src/rovesugv_gps_nav/build/rovesugv_gps_nav', 'catkin_cmake_args': None, 'catkin_skip_building_tests': False, 'cmake_args': None, 'cmake_clean_cache': False, 'cmake_clean_first': False, 'cmake_force_configure': False, 'cmake_target': None, 'cmake_target_skip_unavailable': False, 'install_base': '/home/kayttaja/rovesugv/ros_ws/src/rovesugv_gps_nav/install/rovesugv_gps_nav', 'merge_install': False, 'path': '/home/kayttaja/rovesugv/ros_ws/src/rovesugv_gps_nav', 'symlink_install': False, 'test_result_base': None}
[0.357s] INFO:colcon.colcon_core.executor:Executing jobs using 'parallel' executor
[0.358s] DEBUG:colcon.colcon_parallel_executor.executor.parallel:run_until_complete
[0.358s] INFO:colcon.colcon_ros.task.ament_python.build:Building ROS package in '/home/kayttaja/rovesugv/ros_ws/src/rovesugv_gps_nav' with build type 'ament_python'
[0.358s] Level 1:colcon.colcon_core.shell:create_environment_hook('rovesugv_gps_nav', 'ament_prefix_path')
[0.361s] INFO:colcon.colcon_core.plugin_system:Skipping extension 'colcon_core.shell.bat': Not used on non-Windows systems
[0.361s] INFO:colcon.colcon_core.shell:Creating environment hook '/home/kayttaja/rovesugv/ros_ws/src/rovesugv_gps_nav/install/rovesugv_gps_nav/share/rovesugv_gps_nav/hook/ament_prefix_path.ps1'
[0.362s] INFO:colcon.colcon_core.shell:Creating environment descriptor '/home/kayttaja/rovesugv/ros_ws/src/rovesugv_gps_nav/install/rovesugv_gps_nav/share/rovesugv_gps_nav/hook/ament_prefix_path.dsv'
[0.362s] INFO:colcon.colcon_core.shell:Creating environment hook '/home/kayttaja/rovesugv/ros_ws/src/rovesugv_gps_nav/install/rovesugv_gps_nav/share/rovesugv_gps_nav/hook/ament_prefix_path.sh'
[0.363s] INFO:colcon.colcon_core.shell:Skip shell extension 'powershell' for command environment: Not usable outside of PowerShell
[0.363s] DEBUG:colcon.colcon_core.shell:Skip shell extension 'dsv' for command environment
[0.598s] INFO:colcon.colcon_core.task.python.build:Building Python package in '/home/kayttaja/rovesugv/ros_ws/src/rovesugv_gps_nav'
[0.599s] INFO:colcon.colcon_core.shell:Skip shell extension 'powershell' for command environment: Not usable outside of PowerShell
[0.599s] DEBUG:colcon.colcon_core.shell:Skip shell extension 'dsv' for command environment
[0.913s] DEBUG:colcon.colcon_core.event_handler.log_command:Invoking command in '/home/kayttaja/rovesugv/ros_ws/src/rovesugv_gps_nav': PYTHONPATH=/home/kayttaja/rovesugv/ros_ws/src/rovesugv_gps_nav/build/rovesugv_gps_nav/prefix_override:/usr/lib/python3/dist-packages/colcon_core/task/python/colcon_distutils_commands:/home/kayttaja/rovesugv/ros_ws/src/rovesugv_gps_nav/install/rovesugv_gps_nav/lib/python3.10/site-packages:${PYTHONPATH} /usr/bin/python3 -W ignore:setup.py install is deprecated -W ignore:easy_install command is deprecated setup.py egg_info --egg-base build/rovesugv_gps_nav build --build-base /home/kayttaja/rovesugv/ros_ws/src/rovesugv_gps_nav/build/rovesugv_gps_nav/build install --record /home/kayttaja/rovesugv/ros_ws/src/rovesugv_gps_nav/build/rovesugv_gps_nav/install.log --single-version-externally-managed install_data
[1.171s] DEBUG:colcon.colcon_core.event_handler.log_command:Invoked command in '/home/kayttaja/rovesugv/ros_ws/src/rovesugv_gps_nav' returned '0': PYTHONPATH=/home/kayttaja/rovesugv/ros_ws/src/rovesugv_gps_nav/build/rovesugv_gps_nav/prefix_override:/usr/lib/python3/dist-packages/colcon_core/task/python/colcon_distutils_commands:/home/kayttaja/rovesugv/ros_ws/src/rovesugv_gps_nav/install/rovesugv_gps_nav/lib/python3.10/site-packages:${PYTHONPATH} /usr/bin/python3 -W ignore:setup.py install is deprecated -W ignore:easy_install command is deprecated setup.py egg_info --egg-base build/rovesugv_gps_nav build --build-base /home/kayttaja/rovesugv/ros_ws/src/rovesugv_gps_nav/build/rovesugv_gps_nav/build install --record /home/kayttaja/rovesugv/ros_ws/src/rovesugv_gps_nav/build/rovesugv_gps_nav/install.log --single-version-externally-managed install_data
[1.174s] Level 1:colcon.colcon_core.environment:checking '/home/kayttaja/rovesugv/ros_ws/src/rovesugv_gps_nav/install/rovesugv_gps_nav' for CMake module files
[1.174s] Level 1:colcon.colcon_core.environment:checking '/home/kayttaja/rovesugv/ros_ws/src/rovesugv_gps_nav/install/rovesugv_gps_nav' for CMake config files
[1.174s] Level 1:colcon.colcon_core.environment:checking '/home/kayttaja/rovesugv/ros_ws/src/rovesugv_gps_nav/install/rovesugv_gps_nav/lib'
[1.175s] Level 1:colcon.colcon_core.environment:checking '/home/kayttaja/rovesugv/ros_ws/src/rovesugv_gps_nav/install/rovesugv_gps_nav/bin'
[1.175s] Level 1:colcon.colcon_core.environment:checking '/home/kayttaja/rovesugv/ros_ws/src/rovesugv_gps_nav/install/rovesugv_gps_nav/lib/pkgconfig/rovesugv_gps_nav.pc'
[1.175s] Level 1:colcon.colcon_core.environment:checking '/home/kayttaja/rovesugv/ros_ws/src/rovesugv_gps_nav/install/rovesugv_gps_nav/lib/python3.10/site-packages'
[1.175s] Level 1:colcon.colcon_core.shell:create_environment_hook('rovesugv_gps_nav', 'pythonpath')
[1.175s] INFO:colcon.colcon_core.shell:Creating environment hook '/home/kayttaja/rovesugv/ros_ws/src/rovesugv_gps_nav/install/rovesugv_gps_nav/share/rovesugv_gps_nav/hook/pythonpath.ps1'
[1.175s] INFO:colcon.colcon_core.shell:Creating environment descriptor '/home/kayttaja/rovesugv/ros_ws/src/rovesugv_gps_nav/install/rovesugv_gps_nav/share/rovesugv_gps_nav/hook/pythonpath.dsv'
[1.176s] INFO:colcon.colcon_core.shell:Creating environment hook '/home/kayttaja/rovesugv/ros_ws/src/rovesugv_gps_nav/install/rovesugv_gps_nav/share/rovesugv_gps_nav/hook/pythonpath.sh'
[1.176s] Level 1:colcon.colcon_core.environment:checking '/home/kayttaja/rovesugv/ros_ws/src/rovesugv_gps_nav/install/rovesugv_gps_nav/bin'
[1.176s] Level 1:colcon.colcon_core.environment:create_environment_scripts_only(rovesugv_gps_nav)
[1.176s] INFO:colcon.colcon_core.shell:Creating package script '/home/kayttaja/rovesugv/ros_ws/src/rovesugv_gps_nav/install/rovesugv_gps_nav/share/rovesugv_gps_nav/package.ps1'
[1.177s] INFO:colcon.colcon_core.shell:Creating package descriptor '/home/kayttaja/rovesugv/ros_ws/src/rovesugv_gps_nav/install/rovesugv_gps_nav/share/rovesugv_gps_nav/package.dsv'
[1.177s] INFO:colcon.colcon_core.shell:Creating package script '/home/kayttaja/rovesugv/ros_ws/src/rovesugv_gps_nav/install/rovesugv_gps_nav/share/rovesugv_gps_nav/package.sh'
[1.178s] INFO:colcon.colcon_core.shell:Creating package script '/home/kayttaja/rovesugv/ros_ws/src/rovesugv_gps_nav/install/rovesugv_gps_nav/share/rovesugv_gps_nav/package.bash'
[1.179s] INFO:colcon.colcon_core.shell:Creating package script '/home/kayttaja/rovesugv/ros_ws/src/rovesugv_gps_nav/install/rovesugv_gps_nav/share/rovesugv_gps_nav/package.zsh'
[1.179s] Level 1:colcon.colcon_core.environment:create_file_with_runtime_dependencies(/home/kayttaja/rovesugv/ros_ws/src/rovesugv_gps_nav/install/rovesugv_gps_nav/share/colcon-core/packages/rovesugv_gps_nav)
[1.180s] DEBUG:colcon.colcon_parallel_executor.executor.parallel:closing loop
[1.180s] DEBUG:colcon.colcon_parallel_executor.executor.parallel:loop closed
[1.180s] DEBUG:colcon.colcon_parallel_executor.executor.parallel:run_until_complete finished with '0'
[1.180s] DEBUG:colcon.colcon_core.event_reactor:joining thread
[1.184s] INFO:colcon.colcon_core.plugin_system:Skipping extension 'colcon_notification.desktop_notification.terminal_notifier': Not used on non-Darwin systems
[1.184s] INFO:colcon.colcon_core.plugin_system:Skipping extension 'colcon_notification.desktop_notification.win32': Not used on non-Windows systems
[1.184s] INFO:colcon.colcon_notification.desktop_notification:Sending desktop notification using 'notify2'
[1.199s] DEBUG:colcon.colcon_core.event_reactor:joined thread
[1.199s] INFO:colcon.colcon_core.shell:Creating prefix script '/home/kayttaja/rovesugv/ros_ws/src/rovesugv_gps_nav/install/local_setup.ps1'
[1.201s] INFO:colcon.colcon_core.shell:Creating prefix util module '/home/kayttaja/rovesugv/ros_ws/src/rovesugv_gps_nav/install/_local_setup_util_ps1.py'
[1.202s] INFO:colcon.colcon_core.shell:Creating prefix chain script '/home/kayttaja/rovesugv/ros_ws/src/rovesugv_gps_nav/install/setup.ps1'
[1.203s] INFO:colcon.colcon_core.shell:Creating prefix script '/home/kayttaja/rovesugv/ros_ws/src/rovesugv_gps_nav/install/local_setup.sh'
[1.204s] INFO:colcon.colcon_core.shell:Creating prefix util module '/home/kayttaja/rovesugv/ros_ws/src/rovesugv_gps_nav/install/_local_setup_util_sh.py'
[1.205s] INFO:colcon.colcon_core.shell:Creating prefix chain script '/home/kayttaja/rovesugv/ros_ws/src/rovesugv_gps_nav/install/setup.sh'
[1.206s] INFO:colcon.colcon_core.shell:Creating prefix script '/home/kayttaja/rovesugv/ros_ws/src/rovesugv_gps_nav/install/local_setup.bash'
[1.207s] INFO:colcon.colcon_core.shell:Creating prefix chain script '/home/kayttaja/rovesugv/ros_ws/src/rovesugv_gps_nav/install/setup.bash'
[1.208s] INFO:colcon.colcon_core.shell:Creating prefix script '/home/kayttaja/rovesugv/ros_ws/src/rovesugv_gps_nav/install/local_setup.zsh'
[1.208s] INFO:colcon.colcon_core.shell:Creating prefix chain script '/home/kayttaja/rovesugv/ros_ws/src/rovesugv_gps_nav/install/setup.zsh'
